<?xml version="1.0" encoding="UTF-8"?>
<testsuite name="com.herokuapp.booker.cucumber.CucumberRunner" time="0.163" tests="20" errors="0" skipped="0" failures="0">
  <properties>
    <property name="idea.version" value="2022.2.2"/>
    <property name="java.runtime.name" value="Java(TM) SE Runtime Environment"/>
    <property name="sun.boot.library.path" value="C:\Program Files\Java\jdk1.8.0_121\jre\bin"/>
    <property name="java.vm.version" value="25.121-b13"/>
    <property name="java.vm.vendor" value="Oracle Corporation"/>
    <property name="maven.multiModuleProjectDirectory" value="C:\Users\hetar\IdeaProjects\restful-booker-cucumber-week19"/>
    <property name="java.vendor.url" value="http://java.oracle.com/"/>
    <property name="path.separator" value=";"/>
    <property name="guice.disable.misplaced.annotation.check" value="true"/>
    <property name="java.vm.name" value="Java HotSpot(TM) 64-Bit Server VM"/>
    <property name="file.encoding.pkg" value="sun.io"/>
    <property name="user.script" value=""/>
    <property name="user.country" value="GB"/>
    <property name="sun.java.launcher" value="SUN_STANDARD"/>
    <property name="sun.os.patch.level" value=""/>
    <property name="java.vm.specification.name" value="Java Virtual Machine Specification"/>
    <property name="user.dir" value="C:\Users\hetar\IdeaProjects\restful-booker-cucumber-week19"/>
    <property name="java.runtime.version" value="1.8.0_121-b13"/>
    <property name="java.awt.graphicsenv" value="sun.awt.Win32GraphicsEnvironment"/>
    <property name="java.endorsed.dirs" value="C:\Program Files\Java\jdk1.8.0_121\jre\lib\endorsed"/>
    <property name="os.arch" value="amd64"/>
    <property name="java.io.tmpdir" value="C:\Users\hetar\AppData\Local\Temp\"/>
    <property name="line.separator" value="&#10;"/>
    <property name="java.vm.specification.vendor" value="Oracle Corporation"/>
    <property name="user.variant" value=""/>
    <property name="os.name" value="Windows 10"/>
    <property name="maven.ext.class.path" value="C:\Program Files\JetBrains\IntelliJ IDEA Community Edition 2022.2.2\plugins\maven\lib\maven-event-listener.jar"/>
    <property name="classworlds.conf" value="C:\Program Files\JetBrains\IntelliJ IDEA Community Edition 2022.2.2\plugins\maven\lib\maven3\bin\m2.conf"/>
    <property name="sun.jnu.encoding" value="Cp1252"/>
    <property name="java.library.path" value="C:\Program Files\Java\jdk1.8.0_121\bin;C:\WINDOWS\Sun\Java\bin;C:\WINDOWS\system32;C:\WINDOWS;C:\ProgramData\Oracle\Java\javapath;C:\WINDOWS\system32;C:\WINDOWS;C:\WINDOWS\System32\Wbem;C:\WINDOWS\System32\WindowsPowerShell\v1.0\;C:\WINDOWS\System32\OpenSSH\;C:\Program Files\Java\jdk1.8.0_121\bin;C:\Program Files\Git\cmd;C:\Program Files\Apache\apache-maven-3.8.6\bin;C:\Program Files\nodejs\;C:\Users\hetar\AppData\Local\Microsoft\WindowsApps;C:\Users\hetar\AppData\Roaming\npm;."/>
    <property name="maven.conf" value="C:\Program Files\JetBrains\IntelliJ IDEA Community Edition 2022.2.2\plugins\maven\lib\maven3/conf"/>
    <property name="java.specification.name" value="Java Platform API Specification"/>
    <property name="java.class.version" value="52.0"/>
    <property name="sun.management.compiler" value="HotSpot 64-Bit Tiered Compilers"/>
    <property name="os.version" value="10.0"/>
    <property name="user.home" value="C:\Users\hetar"/>
    <property name="tags" value="bookingfeature:SMOKE"/>
    <property name="user.timezone" value="Europe/London"/>
    <property name="java.awt.printerjob" value="sun.awt.windows.WPrinterJob"/>
    <property name="java.specification.version" value="1.8"/>
    <property name="file.encoding" value="UTF-8"/>
    <property name="user.name" value="hetar"/>
    <property name="java.class.path" value="C:\Program Files\JetBrains\IntelliJ IDEA Community Edition 2022.2.2\plugins\maven\lib\maven3\boot\plexus-classworlds-2.6.0.jar;C:\Program Files\JetBrains\IntelliJ IDEA Community Edition 2022.2.2\plugins\maven\lib\maven3\boot\plexus-classworlds.license;C:\Program Files\JetBrains\IntelliJ IDEA Community Edition 2022.2.2\lib\idea_rt.jar"/>
    <property name="java.vm.specification.version" value="1.8"/>
    <property name="sun.arch.data.model" value="64"/>
    <property name="java.home" value="C:\Program Files\Java\jdk1.8.0_121\jre"/>
    <property name="sun.java.command" value="org.codehaus.classworlds.Launcher -Didea.version=2022.2.2 clean verify -Dtags=bookingfeature:SMOKE serenity:aggregate"/>
    <property name="java.specification.vendor" value="Oracle Corporation"/>
    <property name="user.language" value="en"/>
    <property name="awt.toolkit" value="sun.awt.windows.WToolkit"/>
    <property name="java.vm.info" value="mixed mode"/>
    <property name="java.version" value="1.8.0_121"/>
    <property name="java.ext.dirs" value="C:\Program Files\Java\jdk1.8.0_121\jre\lib\ext;C:\WINDOWS\Sun\Java\lib\ext"/>
    <property name="sun.boot.class.path" value="C:\Program Files\Java\jdk1.8.0_121\jre\lib\resources.jar;C:\Program Files\Java\jdk1.8.0_121\jre\lib\rt.jar;C:\Program Files\Java\jdk1.8.0_121\jre\lib\sunrsasign.jar;C:\Program Files\Java\jdk1.8.0_121\jre\lib\jsse.jar;C:\Program Files\Java\jdk1.8.0_121\jre\lib\jce.jar;C:\Program Files\Java\jdk1.8.0_121\jre\lib\charsets.jar;C:\Program Files\Java\jdk1.8.0_121\jre\lib\jfr.jar;C:\Program Files\Java\jdk1.8.0_121\jre\classes"/>
    <property name="java.vendor" value="Oracle Corporation"/>
    <property name="maven.home" value="C:\Program Files\JetBrains\IntelliJ IDEA Community Edition 2022.2.2\plugins\maven\lib\maven3"/>
    <property name="file.separator" value="\"/>
    <property name="java.vendor.url.bug" value="http://bugreport.sun.com/bugreport/"/>
    <property name="sun.cpu.endian" value="little"/>
    <property name="sun.io.unicode.encoding" value="UnicodeLittle"/>
    <property name="sun.desktop" value="windows"/>
    <property name="sun.cpu.isalist" value="amd64"/>
  </properties>
  <testcase name="Given restful booker application is running" classname="| Dhyan | Kumar | 100 | true | 2022-01-07 | 2022-01-20 | Breakfast |" time="0"/>
  <testcase name="When When I create a new booking by providing the information firstName &quot;Dhyan&quot; lastName &quot;Kumar&quot; totalPrice &quot;100&quot; depositPaid &quot;true&quot;checkIn&quot;2022-01-07&quot;checkOut&quot;2022-01-20&quot;additionalNeeds&quot;Breakfast&quot;" classname="| Dhyan | Kumar | 100 | true | 2022-01-07 | 2022-01-20 | Breakfast |" time="0"/>
  <testcase name="Then I verify that the booking is created" classname="| Dhyan | Kumar | 100 | true | 2022-01-07 | 2022-01-20 | Breakfast |" time="0"/>
  <testcase name="And I update the booking with information firstName &quot;Dhyan&quot; lastName &quot;Kumar&quot; totalPrice &quot;100&quot; depositPaid &quot;true&quot;checkIn&quot;2022-01-07&quot;checkOut&quot;2022-01-20&quot;additionalNeeds&quot;Breakfast&quot;" classname="| Dhyan | Kumar | 100 | true | 2022-01-07 | 2022-01-20 | Breakfast |" time="0"/>
  <testcase name="And The user is updated successfully" classname="| Dhyan | Kumar | 100 | true | 2022-01-07 | 2022-01-20 | Breakfast |" time="0"/>
  <testcase name="And I delete the booking with userId" classname="| Dhyan | Kumar | 100 | true | 2022-01-07 | 2022-01-20 | Breakfast |" time="0"/>
  <testcase name="Then The user deleted successfully from the application" classname="| Dhyan | Kumar | 100 | true | 2022-01-07 | 2022-01-20 | Breakfast |" time="0"/>
  <testcase name="| Dhyan | Kumar | 100 | true | 2022-01-07 | 2022-01-20 | Breakfast |" classname="| Dhyan | Kumar | 100 | true | 2022-01-07 | 2022-01-20 | Breakfast |" time="0.064"/>
  <testcase name="When I send a POST request using a valid payload to booking application" classname="Scenario: verify if booking is created" time="0"/>
  <testcase name="Then I get a valid response code 200" classname="Scenario: verify if booking is created" time="0"/>
  <testcase name="Scenario: verify if booking is created" classname="Scenario: verify if booking is created" time="0.025"/>
  <testcase name="When I send GET request to booking application" classname="Scenario: Check if the user can do booking" time="0"/>
  <testcase name="Then I get a valid response code 200" classname="Scenario: Check if the user can do booking" time="0"/>
  <testcase name="Scenario: Check if the user can do booking" classname="Scenario: Check if the user can do booking" time="0.021"/>
  <testcase name="When I send PUT request to booking application" classname="Scenario: verify if user is updated" time="0"/>
  <testcase name="Then I get a valid response code 200" classname="Scenario: verify if user is updated" time="0"/>
  <testcase name="Scenario: verify if user is updated" classname="Scenario: verify if user is updated" time="0.028"/>
  <testcase name="When I send DELETE request to booking application" classname="Scenario: verify if user is Deleted" time="0"/>
  <testcase name="Then I get a valid response code for delete 201" classname="Scenario: verify if user is Deleted" time="0"/>
  <testcase name="Scenario: verify if user is Deleted" classname="Scenario: verify if user is Deleted" time="0.025"/>
</testsuite>